<?xml version="1.0" encoding="utf-8"?><testsuites name="pytest tests"><testsuite name="pytest" errors="0" failures="0" skipped="0" tests="25" time="124.655" timestamp="2026-08-07T22:48:35.213840+05:30" hostname="LAPTOP-6ELKF59J"><testcase classname="backend.core.tests.test_adapters" name="test_langchain_adapter_completion_stub" time="0.002" /><testcase classname="backend.core.tests.test_adapters" name="test_langchain_adapter_streaming" time="0.002" /><testcase classname="backend.core.tests.test_adapters" name="test_langgraph_adapter_full_workflow" time="0.008" /><testcase classname="backend.core.tests.test_adapters" name="test_mock_adapter_custom_tool_calls" time="0.006" /><testcase classname="backend.core.tests.test_adapters" name="test_gemini_adapter_integration" time="0.837" /><testcase classname="backend.core.tests.test_cost_tracker" name="test_count_tokens_text" time="0.191" /><testcase classname="backend.core.tests.test_cost_tracker" name="test_count_tokens_messages" time="0.000" /><testcase classname="backend.core.tests.test_cost_tracker" name="test_cost_tracker_accumulation_and_warning" time="0.001" /><testcase classname="backend.core.tests.test_fallback_manager" name="test_fallback_manager_primary_success" time="0.005" /><testcase classname="backend.core.tests.test_fallback_manager" name="test_fallback_manager_failover_to_secondary" time="0.001" /><testcase classname="backend.core.tests.test_fallback_manager" name="test_fallback_manager_all_adapters_fail" time="0.001" /><testcase classname="backend.core.tests.test_gemini_adapter" name="test_gemini_adapter_initialization_defaults" time="0.540" /><testcase classname="backend.core.tests.test_gemini_adapter" name="test_gemini_adapter_completion" time="0.006" /><testcase classname="backend.core.tests.test_gemini_adapter" name="test_gemini_adapter_stub_completion" time="0.015" /><testcase classname="backend.core.tests.test_gemini_adapter" name="test_gemini_adapter_streaming" time="0.002" /><testcase classname="backend.core.tests.test_gemini_adapter" name="test_gemini_adapter_token_counting" time="0.002" /><testcase classname="backend.core.tests.test_gemini_adapter" name="test_gemini_langgraph_adapter_workflow" time="0.008" /><testcase classname="backend.core.tests.test_gemini_adapter" name="test_gemini_adapter_in_fallback_manager" time="0.003" /><testcase classname="backend.core.tests.test_model_swap" name="test_zero_harness_change_model_swap" time="0.002" /><testcase classname="backend.core.tests.test_model_swap" name="test_financial_summary_report_generation" time="0.001" /><testcase classname="backend.core.tests.test_routes" name="test_health_check" time="0.015" /><testcase classname="backend.core.tests.test_routes" name="test_create_session" time="0.050" /><testcase classname="backend.core.tests.test_routes" name="test_export_and_resume_session" time="0.010" /><testcase classname="backend.core.tests.test_routes" name="test_get_plan_endpoint" time="0.007" /><testcase classname="backend.core.tests.test_routes" name="test_replan_endpoint" time="0.008" /><testcase time="0.000" /></testsuite></testsuites>